{
  "RSpec": {
    "coverage": {
      "/Users/djgreenfield/Documents/turing/module_3/projects/the_pivot/app/helpers/application_helper.rb": [
        1,
        1,
        0,
        0,
        0,
        0,
        null,
        null
      ],
      "/Users/djgreenfield/Documents/turing/module_3/projects/the_pivot/app/helpers/sellers_helper.rb": [
        1,
        null
      ],
      "/Users/djgreenfield/Documents/turing/module_3/projects/the_pivot/app/helpers/users_helper.rb": [
        1,
        null
      ],
      "/Users/djgreenfield/Documents/turing/module_3/projects/the_pivot/app/controllers/sellers_controller.rb": [
        1,
        1,
        1,
        1,
        null,
        null,
        1,
        1,
        0,
        0,
        null,
        1,
        null,
        null,
        1,
        1,
        1,
        1,
        1,
        null,
        null,
        1,
        1,
        null,
        null
      ],
      "/Users/djgreenfield/Documents/turing/module_3/projects/the_pivot/app/controllers/application_controller.rb": [
        1,
        1,
        1,
        0,
        0,
        null,
        0,
        null,
        null,
        null,
        1,
        485,
        null,
        null,
        1,
        null,
        1,
        123,
        null,
        null,
        1,
        0,
        0,
        null,
        null,
        1,
        1,
        null
      ],
      "/Users/djgreenfield/Documents/turing/module_3/projects/the_pivot/app/controllers/users_controller.rb": [
        1,
        1,
        0,
        null,
        null,
        1,
        4,
        null,
        null,
        1,
        0,
        0,
        0,
        null,
        0,
        0,
        0,
        0,
        null,
        0,
        null,
        null,
        null,
        null,
        1,
        null,
        1,
        0,
        null,
        null,
        1,
        0,
        0,
        0,
        null,
        0,
        null,
        null,
        null
      ],
      "/Users/djgreenfield/Documents/turing/module_3/projects/the_pivot/app/mailers/notifier.rb": [
        1,
        null,
        1,
        1,
        1,
        1,
        null,
        null,
        1,
        1,
        1,
        1,
        1,
        null,
        null
      ],
      "/Users/djgreenfield/Documents/turing/module_3/projects/the_pivot/app/mailers/application_mailer.rb": [
        1,
        1,
        1,
        null
      ],
      "/Users/djgreenfield/Documents/turing/module_3/projects/the_pivot/app/models/garment.rb": [
        1,
        1,
        1,
        1,
        1,
        1,
        1,
        1,
        1,
        1,
        null,
        1,
        1,
        1,
        1,
        null,
        1,
        13,
        13,
        null,
        0,
        null,
        null,
        null,
        1,
        10,
        null,
        null,
        1,
        0,
        null,
        null,
        1,
        4,
        null,
        null,
        1,
        17,
        null,
        null
      ],
      "/Users/djgreenfield/Documents/turing/module_3/projects/the_pivot/app/models/concerns/attribute_updater.rb": [
        1,
        1,
        2,
        8,
        null,
        null,
        null
      ],
      "/Users/djgreenfield/Documents/turing/module_3/projects/the_pivot/app/models/concerns/monify.rb": [
        1,
        1,
        58,
        58,
        null,
        null,
        null
      ],
      "/Users/djgreenfield/Documents/turing/module_3/projects/the_pivot/app/models/user.rb": [
        1,
        1,
        1,
        1,
        1,
        1,
        1,
        null,
        1,
        1,
        null,
        1,
        1,
        null,
        1,
        2,
        null,
        null,
        1,
        1,
        null,
        null
      ],
      "/Users/djgreenfield/Documents/turing/module_3/projects/the_pivot/app/controllers/sessions_controller.rb": [
        1,
        1,
        null,
        1,
        26,
        null,
        null,
        1,
        0,
        0,
        null,
        null,
        1,
        15,
        15,
        0,
        null,
        15,
        6,
        6,
        6,
        9,
        8,
        8,
        null,
        1,
        null,
        null,
        null,
        1,
        null,
        1,
        1,
        null,
        null,
        1,
        1,
        1,
        0,
        null,
        1,
        null,
        null
      ],
      "/Users/djgreenfield/Documents/turing/module_3/projects/the_pivot/app/controllers/concerns/reset_cart.rb": [
        1,
        1,
        0,
        null,
        null
      ],
      "/Users/djgreenfield/Documents/turing/module_3/projects/the_pivot/app/models/cart.rb": [
        1,
        1,
        1,
        null,
        1,
        123,
        123,
        null,
        null,
        1,
        13,
        13,
        null,
        null,
        1,
        1,
        null,
        null,
        1,
        1,
        1,
        1,
        0,
        null,
        null,
        null,
        1,
        1,
        1,
        null,
        null,
        null,
        null,
        1,
        0,
        null,
        null,
        1,
        14,
        null,
        null,
        1,
        1,
        1,
        null,
        null,
        1,
        null,
        1,
        123,
        123,
        123,
        null,
        null,
        null,
        1,
        123,
        27,
        null,
        null,
        null,
        1,
        123,
        27,
        null,
        null,
        null,
        1,
        123,
        27,
        27,
        null,
        null,
        null,
        1,
        1,
        null,
        null,
        1,
        1,
        1,
        null,
        null,
        null,
        1,
        null,
        1,
        1,
        null,
        null
      ],
      "/Users/djgreenfield/Documents/turing/module_3/projects/the_pivot/app/controllers/admin/inventory_controller.rb": [
        1,
        1,
        1,
        6,
        null,
        null,
        1,
        null,
        1,
        6,
        null,
        null,
        1,
        6,
        null,
        null,
        null
      ],
      "/Users/djgreenfield/Documents/turing/module_3/projects/the_pivot/app/models/category.rb": [
        1,
        1,
        1,
        null,
        1,
        1,
        1,
        1,
        null,
        1,
        10,
        null,
        null,
        1,
        1,
        null,
        null,
        1,
        0,
        0,
        null,
        0,
        null,
        null,
        null,
        1,
        3,
        null,
        null
      ],
      "/Users/djgreenfield/Documents/turing/module_3/projects/the_pivot/app/models/ability.rb": [
        1,
        1,
        null,
        1,
        19,
        19,
        5,
        5,
        5,
        null,
        19,
        0,
        0,
        null,
        19,
        14,
        null,
        null,
        null
      ],
      "/Users/djgreenfield/Documents/turing/module_3/projects/the_pivot/app/controllers/admin/categories_controller.rb": [
        1,
        1,
        null,
        1,
        0,
        null,
        null,
        1,
        0,
        0,
        null,
        null,
        1,
        0,
        0,
        0,
        0,
        0,
        null,
        0,
        0,
        null,
        null,
        null,
        1,
        1,
        null,
        null,
        1,
        0,
        0,
        0,
        0,
        0,
        null,
        null,
        1,
        0,
        null,
        null,
        1,
        null,
        1,
        0,
        null,
        null,
        1,
        1,
        null,
        null
      ],
      "/Users/djgreenfield/Documents/turing/module_3/projects/the_pivot/app/controllers/admin/garments_controller.rb": [
        1,
        1,
        1,
        null,
        1,
        0,
        null,
        null,
        1,
        0,
        0,
        null,
        null,
        1,
        0,
        0,
        0,
        0,
        0,
        null,
        0,
        0,
        null,
        null,
        null,
        1,
        5,
        null,
        null,
        1,
        2,
        2,
        2,
        2,
        2,
        null,
        null,
        1,
        0,
        0,
        0,
        null,
        null,
        1,
        0,
        null,
        null,
        null,
        null,
        null,
        null,
        1,
        null,
        1,
        7,
        null,
        null,
        1,
        2,
        null,
        null
      ],
      "/Users/djgreenfield/Documents/turing/module_3/projects/the_pivot/app/models/order.rb": [
        1,
        1,
        1,
        1,
        1,
        null,
        1,
        null,
        1,
        5,
        5,
        null,
        null,
        null,
        1,
        5,
        null,
        null
      ],
      "/Users/djgreenfield/Documents/turing/module_3/projects/the_pivot/app/models/seller.rb": [
        1,
        1,
        1,
        1,
        1,
        1,
        null,
        1,
        17,
        null,
        null,
        1,
        0,
        null,
        null,
        1,
        0,
        null,
        null
      ],
      "/Users/djgreenfield/Documents/turing/module_3/projects/the_pivot/app/controllers/sellers/garments_controller.rb": [
        1,
        1,
        null,
        1,
        2,
        null,
        null,
        1,
        13,
        null,
        null,
        1,
        0,
        null,
        null,
        1,
        0,
        0,
        0,
        0,
        0,
        0,
        null,
        0,
        0,
        null,
        null,
        null,
        1,
        0,
        0,
        null,
        null,
        1,
        0,
        0,
        0,
        0,
        0,
        null,
        0,
        0,
        0,
        0,
        null,
        null,
        null,
        1,
        1,
        0,
        null,
        null,
        null,
        null,
        null,
        null,
        1,
        13,
        null,
        null,
        1,
        0,
        0,
        0,
        null,
        null,
        null,
        null
      ],
      "/Users/djgreenfield/Documents/turing/module_3/projects/the_pivot/app/controllers/cart_items_controller.rb": [
        1,
        null,
        1,
        15,
        15,
        15,
        null,
        0,
        0,
        null,
        null,
        null,
        1,
        10,
        10,
        10,
        null,
        null,
        1,
        1,
        1,
        1,
        null,
        null,
        1,
        3,
        3,
        3,
        null,
        null,
        1,
        1,
        1,
        1,
        null,
        null
      ],
      "/Users/djgreenfield/Documents/turing/module_3/projects/the_pivot/app/controllers/home_controller.rb": [
        1,
        1,
        null,
        null,
        1,
        4,
        4,
        4,
        null,
        null,
        1,
        0,
        null,
        null,
        1,
        0,
        null,
        null,
        1,
        null,
        1,
        4,
        null,
        null,
        1,
        4,
        null,
        null,
        1,
        4,
        null,
        null,
        1,
        0,
        null,
        null,
        1,
        0,
        null,
        null
      ],
      "/Users/djgreenfield/Documents/turing/module_3/projects/the_pivot/app/controllers/categories_controller.rb": [
        1,
        null,
        1,
        3,
        null,
        null,
        1,
        3,
        3,
        null,
        null,
        null
      ],
      "/Users/djgreenfield/Documents/turing/module_3/projects/the_pivot/app/models/garment_category.rb": [
        1,
        1,
        null,
        1,
        1,
        null,
        1,
        2,
        0,
        null,
        null,
        null,
        null,
        1
      ],
      "/Users/djgreenfield/Documents/turing/module_3/projects/the_pivot/app/controllers/order_garments_controller.rb": [
        1,
        1,
        1,
        1,
        1,
        1,
        1,
        1,
        0,
        0,
        0,
        null,
        0,
        null,
        null,
        0,
        0,
        0,
        null,
        null,
        null
      ],
      "/Users/djgreenfield/Documents/turing/module_3/projects/the_pivot/app/models/order_garment.rb": [
        1,
        1,
        1,
        null
      ],
      "/Users/djgreenfield/Documents/turing/module_3/projects/the_pivot/app/controllers/orders_controller.rb": [
        1,
        null,
        1,
        3,
        3,
        null,
        null,
        1,
        2,
        2,
        null,
        null,
        null
      ]
    },
    "timestamp": 1429207237
  }
}
